<?xml version="1.0" encoding="UTF-8"?>
<!-- Generated by org.testng.reporters.JUnitReportReporter -->
<testsuite hostname="Arsheera" failures="0" tests="2" name="DynamicJson" time="2.486" errors="0" timestamp="2023-03-18T14:20:19 IST" skipped="0">
  <testcase classname="DynamicJson" name="addBook" time="0.216"/>
  <system-out/>
  <testcase classname="DynamicJson" name="addBook" time="2.270"/>
  <system-out/>
</testsuite> <!-- DynamicJson -->
